<?xml version="1.0" encoding="UTF-8"?>
<!-- Generated by org.testng.reporters.JUnitReportReporter -->
<testsuite skipped="0" hostname="Yogi-PC" name="TestNG_Concepts.TestNG_basics" tests="4" failures="0" timestamp="7 Nov 2020 06:58:37 GMT" time="0.482" errors="0">
  <testcase name="GooglelogoTest" time="0.457" classname="TestNG_Concepts.TestNG_basics"/>
  <testcase name="Test1" time="0.002" classname="TestNG_Concepts.TestNG_basics"/>
  <testcase name="Test2" time="0.004" classname="TestNG_Concepts.TestNG_basics"/>
  <testcase name="GoogleTitle" time="0.019" classname="TestNG_Concepts.TestNG_basics"/>
</testsuite> <!-- TestNG_Concepts.TestNG_basics -->
