<?xml version="1.0" encoding="UTF-8"?>
<!-- Generated by org.testng.reporters.JUnitReportReporter -->
<testsuite skipped="0" hostname="Yogi-PC" name="TestNG_Concepts.invocationCount" tests="10" failures="0" timestamp="7 Nov 2020 06:58:37 GMT" time="0.191" errors="0">
  <testcase name="sum" time="0.015" classname="TestNG_Concepts.invocationCount"/>
  <testcase name="sum" time="0.072" classname="TestNG_Concepts.invocationCount"/>
  <testcase name="sum" time="0.006" classname="TestNG_Concepts.invocationCount"/>
  <testcase name="sum" time="0.013" classname="TestNG_Concepts.invocationCount"/>
  <testcase name="sum" time="0.010" classname="TestNG_Concepts.invocationCount"/>
  <testcase name="sum" time="0.040" classname="TestNG_Concepts.invocationCount"/>
  <testcase name="sum" time="0.009" classname="TestNG_Concepts.invocationCount"/>
  <testcase name="sum" time="0.009" classname="TestNG_Concepts.invocationCount"/>
  <testcase name="sum" time="0.014" classname="TestNG_Concepts.invocationCount"/>
  <testcase name="sum" time="0.003" classname="TestNG_Concepts.invocationCount"/>
</testsuite> <!-- TestNG_Concepts.invocationCount -->
