<?xml version="1.0" encoding="UTF-8"?>
<!-- Generated by org.testng.reporters.JUnitReportReporter -->
<testsuite skipped="0" hostname="Yogi-PC" name="TestNG_Parameter_cocept.ParameterTest" tests="1" failures="0" timestamp="7 Nov 2020 07:16:42 GMT" time="18.732" errors="0">
  <testcase name="Facebook" time="18.732" classname="TestNG_Parameter_cocept.ParameterTest"/>
</testsuite> <!-- TestNG_Parameter_cocept.ParameterTest -->
