<?xml version="1.0" encoding="UTF-8"?>
<!-- Generated by org.testng.reporters.JUnitReportReporter -->
<testsuite skipped="0" hostname="Yogi-PC" name="TestNG_Concepts.Grouping_concept" tests="5" failures="0" timestamp="7 Nov 2020 06:58:37 GMT" time="0.041" errors="0">
  <testcase name="Test3" time="0.002" classname="TestNG_Concepts.Grouping_concept"/>
  <testcase name="Test1" time="0.024" classname="TestNG_Concepts.Grouping_concept"/>
  <testcase name="Test4" time="0.002" classname="TestNG_Concepts.Grouping_concept"/>
  <testcase name="Test2" time="0.008" classname="TestNG_Concepts.Grouping_concept"/>
  <testcase name="Test5" time="0.005" classname="TestNG_Concepts.Grouping_concept"/>
</testsuite> <!-- TestNG_Concepts.Grouping_concept -->
